2023-11-09 11:29:14.165  INFO 16060 --- [main] ngBootEmployeManagementSystemApplication : Starting SpringBootEmployeManagementSystemApplication using Java 19.0.1 on DESKTOP-L78IGHQ with PID 16060 (C:\Users\Dell\eclipse-workspace\SpringBootEmployeManagementSystem\target\classes started by Dell in C:\Users\Dell\eclipse-workspace\SpringBootEmployeManagementSystem)
2023-11-09 11:29:14.174  INFO 16060 --- [main] ngBootEmployeManagementSystemApplication : No active profile set, falling back to 1 default profile: "default"
2023-11-09 11:29:15.488  INFO 16060 --- [main] .s.d.r.c.RepositoryConfigurationDelegate : Bootstrapping Spring Data JPA repositories in DEFAULT mode.
2023-11-09 11:29:15.578  INFO 16060 --- [main] .s.d.r.c.RepositoryConfigurationDelegate : Finished Spring Data repository scanning in 76 ms. Found 1 JPA repository interfaces.
2023-11-09 11:29:16.143  INFO 16060 --- [main] o.s.b.w.embedded.tomcat.TomcatWebServer  : Tomcat initialized with port(s): 8080 (http)
2023-11-09 11:29:16.157  INFO 16060 --- [main] o.apache.catalina.core.StandardService   : Starting service [Tomcat]
2023-11-09 11:29:16.157  INFO 16060 --- [main] org.apache.catalina.core.StandardEngine  : Starting Servlet engine: [Apache Tomcat/9.0.82]
2023-11-09 11:29:16.296  INFO 16060 --- [main] o.a.c.c.C.[Tomcat].[localhost].[/]       : Initializing Spring embedded WebApplicationContext
2023-11-09 11:29:16.302  INFO 16060 --- [main] w.s.c.ServletWebServerApplicationContext : Root WebApplicationContext: initialization completed in 1937 ms
2023-11-09 11:29:16.476  INFO 16060 --- [main] o.hibernate.jpa.internal.util.LogHelper  : HHH000204: Processing PersistenceUnitInfo [name: default]
2023-11-09 11:29:16.535  INFO 16060 --- [main] org.hibernate.Version                    : HHH000412: Hibernate ORM core version 5.6.15.Final
2023-11-09 11:29:16.715  INFO 16060 --- [main] o.hibernate.annotations.common.Version   : HCANN000001: Hibernate Commons Annotations {5.1.2.Final}
2023-11-09 11:29:16.876  INFO 16060 --- [main] com.zaxxer.hikari.HikariDataSource       : test - Starting...
2023-11-09 11:29:17.374  INFO 16060 --- [main] com.zaxxer.hikari.HikariDataSource       : test - Start completed.
2023-11-09 11:29:17.395  INFO 16060 --- [main] org.hibernate.dialect.Dialect            : HHH000400: Using dialect: org.hibernate.dialect.MySQL8Dialect
2023-11-09 11:29:18.188  INFO 16060 --- [main] o.h.e.t.j.p.i.JtaPlatformInitiator       : HHH000490: Using JtaPlatform implementation: [org.hibernate.engine.transaction.jta.platform.internal.NoJtaPlatform]
2023-11-09 11:29:18.202  INFO 16060 --- [main] j.LocalContainerEntityManagerFactoryBean : Initialized JPA EntityManagerFactory for persistence unit 'default'
2023-11-09 11:29:18.483  WARN 16060 --- [main] JpaBaseConfiguration$JpaWebConfiguration : spring.jpa.open-in-view is enabled by default. Therefore, database queries may be performed during view rendering. Explicitly configure spring.jpa.open-in-view to disable this warning
2023-11-09 11:29:18.861  INFO 16060 --- [main] o.s.b.w.embedded.tomcat.TomcatWebServer  : Tomcat started on port(s): 8080 (http) with context path ''
2023-11-09 11:29:18.874  INFO 16060 --- [main] ngBootEmployeManagementSystemApplication : Started SpringBootEmployeManagementSystemApplication in 5.213 seconds (JVM running for 5.919)
2023-11-09 11:32:22.306  INFO 16060 --- [http-nio-8080-exec-1] o.a.c.c.C.[Tomcat].[localhost].[/]       : Initializing Spring DispatcherServlet 'dispatcherServlet'
2023-11-09 11:32:22.306  INFO 16060 --- [http-nio-8080-exec-1] o.s.web.servlet.DispatcherServlet        : Initializing Servlet 'dispatcherServlet'
